2025-01-20 15:05:54,868 INFO o.a.j.u.JMeterUtils: Setting Locale to en_EN
2025-01-20 15:05:54,882 INFO o.a.j.JMeter: Loading user properties from: /opt/homebrew/Cellar/jmeter/5.6.3/libexec/bin/user.properties
2025-01-20 15:05:54,882 INFO o.a.j.JMeter: Loading system properties from: /opt/homebrew/Cellar/jmeter/5.6.3/libexec/bin/system.properties
2025-01-20 15:05:54,886 INFO o.a.j.JMeter: Copyright (c) 1998-2024 The Apache Software Foundation
2025-01-20 15:05:54,886 INFO o.a.j.JMeter: Version 5.6.3
2025-01-20 15:05:54,886 INFO o.a.j.JMeter: java.version=21.0.5
2025-01-20 15:05:54,886 INFO o.a.j.JMeter: java.vm.name=OpenJDK 64-Bit Server VM
2025-01-20 15:05:54,886 INFO o.a.j.JMeter: os.name=Mac OS X
2025-01-20 15:05:54,886 INFO o.a.j.JMeter: os.arch=aarch64
2025-01-20 15:05:54,886 INFO o.a.j.JMeter: os.version=15.1.1
2025-01-20 15:05:54,886 INFO o.a.j.JMeter: file.encoding=UTF-8
2025-01-20 15:05:54,886 INFO o.a.j.JMeter: java.awt.headless=null
2025-01-20 15:05:54,886 INFO o.a.j.JMeter: Max memory     =1073741824
2025-01-20 15:05:54,886 INFO o.a.j.JMeter: Available Processors =12
2025-01-20 15:05:54,891 INFO o.a.j.JMeter: Default Locale=English (EN)
2025-01-20 15:05:54,891 INFO o.a.j.JMeter: JMeter  Locale=English (EN)
2025-01-20 15:05:54,891 INFO o.a.j.JMeter: JMeterHome=/opt/homebrew/Cellar/jmeter/5.6.3/libexec
2025-01-20 15:05:54,891 INFO o.a.j.JMeter: user.dir  =/Users/jula/IdeaProjects/gs-multi-module
2025-01-20 15:05:54,891 INFO o.a.j.JMeter: PWD       =/Users/jula/IdeaProjects/gs-multi-module
2025-01-20 15:05:54,893 INFO o.a.j.JMeter: IP: 127.0.0.1 Name: jus-MacBook-Pro.local FullName: localhost
2025-01-20 15:05:54,899 INFO o.a.j.JMeter: Loaded icon properties from org/apache/jmeter/images/icon.properties
2025-01-20 15:05:55,068 INFO o.a.j.JMeterGuiLauncher: Setting LAF to: com.github.weisj.darklaf.DarkLaf:com.github.weisj.darklaf.theme.DarculaTheme
2025-01-20 15:05:55,630 INFO o.a.j.r.ClassFinder: Will scan jar /opt/homebrew/Cellar/jmeter/5.6.3/libexec/lib/ext/jmeter-plugins-jmxmon-0.3.jar with filter ExtendsClassFilter [parents=[interface org.apache.jmeter.gui.action.Command], inner=false, contains=null, notContains=null]. Consider exposing JMeter plugins via META-INF/services, and add JMeter-Skip-Class-Scanning=true manifest attribute so JMeter can skip classfile scanning
2025-01-20 15:05:55,633 INFO o.a.j.r.ClassFinder: Will scan jar /opt/homebrew/Cellar/jmeter/5.6.3/libexec/lib/ext/jmeter-plugins-manager-1.10.jar with filter ExtendsClassFilter [parents=[interface org.apache.jmeter.gui.action.Command], inner=false, contains=null, notContains=null]. Consider exposing JMeter plugins via META-INF/services, and add JMeter-Skip-Class-Scanning=true manifest attribute so JMeter can skip classfile scanning
2025-01-20 15:05:55,658 INFO o.a.j.r.ClassFinder: Will scan jar /opt/homebrew/Cellar/jmeter/5.6.3/libexec/lib/ext/jmeter-plugins-graphs-additional-2.0.jar with filter ExtendsClassFilter [parents=[interface org.apache.jmeter.gui.action.Command], inner=false, contains=null, notContains=null]. Consider exposing JMeter plugins via META-INF/services, and add JMeter-Skip-Class-Scanning=true manifest attribute so JMeter can skip classfile scanning
2025-01-20 15:05:55,659 INFO o.a.j.r.ClassFinder: Will scan jar /opt/homebrew/Cellar/jmeter/5.6.3/libexec/lib/ext/jmeter-plugins-graphs-basic-2.0.jar with filter ExtendsClassFilter [parents=[interface org.apache.jmeter.gui.action.Command], inner=false, contains=null, notContains=null]. Consider exposing JMeter plugins via META-INF/services, and add JMeter-Skip-Class-Scanning=true manifest attribute so JMeter can skip classfile scanning
2025-01-20 15:05:55,684 INFO o.a.j.r.ClassFinder: Will scan jar /opt/homebrew/Cellar/jmeter/5.6.3/libexec/lib/ext/jmeter-plugins-jmxmon-0.3.jar with filter ExtendsClassFilter [parents=[interface org.apache.jmeter.gui.plugin.MenuCreator], inner=false, contains=null, notContains=null]. Consider exposing JMeter plugins via META-INF/services, and add JMeter-Skip-Class-Scanning=true manifest attribute so JMeter can skip classfile scanning
2025-01-20 15:05:55,684 INFO o.a.j.r.ClassFinder: Will scan jar /opt/homebrew/Cellar/jmeter/5.6.3/libexec/lib/ext/jmeter-plugins-manager-1.10.jar with filter ExtendsClassFilter [parents=[interface org.apache.jmeter.gui.plugin.MenuCreator], inner=false, contains=null, notContains=null]. Consider exposing JMeter plugins via META-INF/services, and add JMeter-Skip-Class-Scanning=true manifest attribute so JMeter can skip classfile scanning
2025-01-20 15:05:55,685 INFO o.a.j.r.ClassFinder: Will scan jar /opt/homebrew/Cellar/jmeter/5.6.3/libexec/lib/ext/jmeter-plugins-graphs-additional-2.0.jar with filter ExtendsClassFilter [parents=[interface org.apache.jmeter.gui.plugin.MenuCreator], inner=false, contains=null, notContains=null]. Consider exposing JMeter plugins via META-INF/services, and add JMeter-Skip-Class-Scanning=true manifest attribute so JMeter can skip classfile scanning
2025-01-20 15:05:55,685 INFO o.a.j.r.ClassFinder: Will scan jar /opt/homebrew/Cellar/jmeter/5.6.3/libexec/lib/ext/jmeter-plugins-graphs-basic-2.0.jar with filter ExtendsClassFilter [parents=[interface org.apache.jmeter.gui.plugin.MenuCreator], inner=false, contains=null, notContains=null]. Consider exposing JMeter plugins via META-INF/services, and add JMeter-Skip-Class-Scanning=true manifest attribute so JMeter can skip classfile scanning
2025-01-20 15:05:55,737 INFO o.j.r.JARSourceHTTP: Found cached repo
2025-01-20 15:05:55,798 INFO o.j.r.PluginManager: Plugins Status: [jpgc-graphs-basic=2.0, jpgc-graphs-additional=2.0, jpgc-jmxmon=0.3, jpgc-plugins-manager=1.10, jmeter-core=5.6.3, jmeter-ftp=5.6.3, jmeter-http=5.6.3, jmeter-jdbc=5.6.3, jmeter-jms=5.6.3, jmeter-junit=5.6.3, jmeter-java=5.6.3, jmeter-ldap=5.6.3, jmeter-mail=5.6.3, jmeter-mongodb=5.6.3, jmeter-native=5.6.3, jmeter-tcp=5.6.3, jmeter-components=5.6.3]
2025-01-20 15:05:56,859 INFO o.a.j.JMeterGuiLauncher: Loading file: /Users/jula/IdeaProjects/gs-multi-module/8008.jmx
2025-01-20 15:05:56,860 INFO o.a.j.s.FileServer: Default base='/Users/jula/IdeaProjects/gs-multi-module'
2025-01-20 15:05:56,861 INFO o.a.j.s.FileServer: Set new base='/Users/jula/IdeaProjects/gs-multi-module'
2025-01-20 15:05:56,932 INFO o.a.j.s.SaveService: Testplan (JMX) version: 2.2. Testlog (JTL) version: 2.2
2025-01-20 15:05:56,937 INFO o.a.j.s.SaveService: Using SaveService properties version 5.0
2025-01-20 15:05:56,938 INFO o.a.j.s.SaveService: Using SaveService properties file encoding UTF-8
2025-01-20 15:05:56,938 INFO o.a.j.s.SaveService: Loading file: /Users/jula/IdeaProjects/gs-multi-module/8008.jmx
2025-01-20 15:05:56,979 INFO o.a.j.p.h.s.HTTPSamplerBase: Parser for text/html is org.apache.jmeter.protocol.http.parser.LagartoBasedHtmlParser
2025-01-20 15:05:56,979 INFO o.a.j.p.h.s.HTTPSamplerBase: Parser for application/xhtml+xml is org.apache.jmeter.protocol.http.parser.LagartoBasedHtmlParser
2025-01-20 15:05:56,979 INFO o.a.j.p.h.s.HTTPSamplerBase: Parser for application/xml is org.apache.jmeter.protocol.http.parser.LagartoBasedHtmlParser
2025-01-20 15:05:56,979 INFO o.a.j.p.h.s.HTTPSamplerBase: Parser for text/xml is org.apache.jmeter.protocol.http.parser.LagartoBasedHtmlParser
2025-01-20 15:05:56,979 INFO o.a.j.p.h.s.HTTPSamplerBase: Parser for text/vnd.wap.wml is org.apache.jmeter.protocol.http.parser.RegexpHTMLParser
2025-01-20 15:05:56,979 INFO o.a.j.p.h.s.HTTPSamplerBase: Parser for text/css is org.apache.jmeter.protocol.http.parser.CssParser
2025-01-20 15:05:57,005 INFO o.a.j.s.FileServer: Set new base='/Users/jula/IdeaProjects/gs-multi-module'
2025-01-20 15:05:57,012 INFO o.a.j.s.SampleResult: Note: Sample TimeStamps are START times
2025-01-20 15:05:57,012 INFO o.a.j.s.SampleResult: sampleresult.default.encoding is set to UTF-8
2025-01-20 15:05:57,012 INFO o.a.j.s.SampleResult: sampleresult.useNanoTime=true
2025-01-20 15:05:57,012 INFO o.a.j.s.SampleResult: sampleresult.nanoThreadSleep=5000
2025-01-20 15:05:57,054 INFO o.a.j.r.ClassFinder: Will scan jar /opt/homebrew/Cellar/jmeter/5.6.3/libexec/lib/ext/jmeter-plugins-jmxmon-0.3.jar with filter ExtendsClassFilter [parents=[interface org.apache.jmeter.visualizers.ResultRenderer], inner=false, contains=null, notContains=null]. Consider exposing JMeter plugins via META-INF/services, and add JMeter-Skip-Class-Scanning=true manifest attribute so JMeter can skip classfile scanning
2025-01-20 15:05:57,054 INFO o.a.j.r.ClassFinder: Will scan jar /opt/homebrew/Cellar/jmeter/5.6.3/libexec/lib/ext/jmeter-plugins-manager-1.10.jar with filter ExtendsClassFilter [parents=[interface org.apache.jmeter.visualizers.ResultRenderer], inner=false, contains=null, notContains=null]. Consider exposing JMeter plugins via META-INF/services, and add JMeter-Skip-Class-Scanning=true manifest attribute so JMeter can skip classfile scanning
2025-01-20 15:05:57,055 INFO o.a.j.r.ClassFinder: Will scan jar /opt/homebrew/Cellar/jmeter/5.6.3/libexec/lib/ext/jmeter-plugins-graphs-additional-2.0.jar with filter ExtendsClassFilter [parents=[interface org.apache.jmeter.visualizers.ResultRenderer], inner=false, contains=null, notContains=null]. Consider exposing JMeter plugins via META-INF/services, and add JMeter-Skip-Class-Scanning=true manifest attribute so JMeter can skip classfile scanning
2025-01-20 15:05:57,055 INFO o.a.j.r.ClassFinder: Will scan jar /opt/homebrew/Cellar/jmeter/5.6.3/libexec/lib/ext/jmeter-plugins-graphs-basic-2.0.jar with filter ExtendsClassFilter [parents=[interface org.apache.jmeter.visualizers.ResultRenderer], inner=false, contains=null, notContains=null]. Consider exposing JMeter plugins via META-INF/services, and add JMeter-Skip-Class-Scanning=true manifest attribute so JMeter can skip classfile scanning
2025-01-20 15:05:57,068 INFO o.a.j.r.ClassFinder: Will scan jar /opt/homebrew/Cellar/jmeter/5.6.3/libexec/lib/ext/jmeter-plugins-jmxmon-0.3.jar with filter ExtendsClassFilter [parents=[interface org.apache.jmeter.visualizers.RequestView], inner=false, contains=null, notContains=null]. Consider exposing JMeter plugins via META-INF/services, and add JMeter-Skip-Class-Scanning=true manifest attribute so JMeter can skip classfile scanning
2025-01-20 15:05:57,068 INFO o.a.j.r.ClassFinder: Will scan jar /opt/homebrew/Cellar/jmeter/5.6.3/libexec/lib/ext/jmeter-plugins-manager-1.10.jar with filter ExtendsClassFilter [parents=[interface org.apache.jmeter.visualizers.RequestView], inner=false, contains=null, notContains=null]. Consider exposing JMeter plugins via META-INF/services, and add JMeter-Skip-Class-Scanning=true manifest attribute so JMeter can skip classfile scanning
2025-01-20 15:05:57,069 INFO o.a.j.r.ClassFinder: Will scan jar /opt/homebrew/Cellar/jmeter/5.6.3/libexec/lib/ext/jmeter-plugins-graphs-additional-2.0.jar with filter ExtendsClassFilter [parents=[interface org.apache.jmeter.visualizers.RequestView], inner=false, contains=null, notContains=null]. Consider exposing JMeter plugins via META-INF/services, and add JMeter-Skip-Class-Scanning=true manifest attribute so JMeter can skip classfile scanning
2025-01-20 15:05:57,069 INFO o.a.j.r.ClassFinder: Will scan jar /opt/homebrew/Cellar/jmeter/5.6.3/libexec/lib/ext/jmeter-plugins-graphs-basic-2.0.jar with filter ExtendsClassFilter [parents=[interface org.apache.jmeter.visualizers.RequestView], inner=false, contains=null, notContains=null]. Consider exposing JMeter plugins via META-INF/services, and add JMeter-Skip-Class-Scanning=true manifest attribute so JMeter can skip classfile scanning
2025-01-20 15:09:57,134 INFO o.a.j.e.StandardJMeterEngine: Running the test!
2025-01-20 15:09:57,135 INFO o.a.j.s.SampleEvent: List of sample_variables: []
2025-01-20 15:09:57,135 INFO o.a.j.s.SampleEvent: List of sample_variables: []
2025-01-20 15:09:57,135 INFO o.a.j.e.u.CompoundVariable: Note: Function class names must contain the string: '.functions.'
2025-01-20 15:09:57,135 INFO o.a.j.e.u.CompoundVariable: Note: Function class names must not contain the string: '.gui.'
2025-01-20 15:09:57,156 INFO o.a.j.r.ClassFinder: Will scan jar /opt/homebrew/Cellar/jmeter/5.6.3/libexec/lib/ext/jmeter-plugins-jmxmon-0.3.jar with filter ExtendsClassFilter [parents=[interface org.apache.jmeter.functions.Function], inner=false, contains=null, notContains=null]. Consider exposing JMeter plugins via META-INF/services, and add JMeter-Skip-Class-Scanning=true manifest attribute so JMeter can skip classfile scanning
2025-01-20 15:09:57,156 INFO o.a.j.r.ClassFinder: Will scan jar /opt/homebrew/Cellar/jmeter/5.6.3/libexec/lib/ext/jmeter-plugins-manager-1.10.jar with filter ExtendsClassFilter [parents=[interface org.apache.jmeter.functions.Function], inner=false, contains=null, notContains=null]. Consider exposing JMeter plugins via META-INF/services, and add JMeter-Skip-Class-Scanning=true manifest attribute so JMeter can skip classfile scanning
2025-01-20 15:09:57,157 INFO o.a.j.r.ClassFinder: Will scan jar /opt/homebrew/Cellar/jmeter/5.6.3/libexec/lib/ext/jmeter-plugins-graphs-additional-2.0.jar with filter ExtendsClassFilter [parents=[interface org.apache.jmeter.functions.Function], inner=false, contains=null, notContains=null]. Consider exposing JMeter plugins via META-INF/services, and add JMeter-Skip-Class-Scanning=true manifest attribute so JMeter can skip classfile scanning
2025-01-20 15:09:57,157 INFO o.a.j.r.ClassFinder: Will scan jar /opt/homebrew/Cellar/jmeter/5.6.3/libexec/lib/ext/jmeter-plugins-graphs-basic-2.0.jar with filter ExtendsClassFilter [parents=[interface org.apache.jmeter.functions.Function], inner=false, contains=null, notContains=null]. Consider exposing JMeter plugins via META-INF/services, and add JMeter-Skip-Class-Scanning=true manifest attribute so JMeter can skip classfile scanning
2025-01-20 15:09:57,162 INFO k.a.j.j.JMXMonCollector: JmxMon metrics will not be recorded! Please specify a file name in the gui or run the test with -JforceJmxMonFile=true
2025-01-20 15:09:57,162 INFO o.a.j.g.u.JMeterMenuBar: setRunning(true, *local*)
2025-01-20 15:09:57,180 INFO o.a.j.e.StandardJMeterEngine: Starting ThreadGroup: 1 : Thread Group
2025-01-20 15:09:57,181 INFO o.a.j.e.StandardJMeterEngine: Starting 200 threads for group Thread Group.
2025-01-20 15:09:57,181 INFO o.a.j.e.StandardJMeterEngine: Thread will continue on error
2025-01-20 15:09:57,181 INFO o.a.j.t.ThreadGroup: Starting thread group... number=1 threads=200 ramp-up=5 delayedStart=false
2025-01-20 15:09:57,182 INFO o.a.j.t.JMeterThread: Thread started: Thread Group 1-1
2025-01-20 15:09:57,186 INFO o.a.j.p.h.s.HTTPHCAbstractImpl: Local host = jus-MacBook-Pro.local
2025-01-20 15:09:57,188 INFO o.a.j.p.h.s.HTTPHC4Impl: HTTP request retry count = 0
2025-01-20 15:09:57,199 INFO o.a.j.t.ThreadGroup: Started thread group number 1
2025-01-20 15:09:57,199 INFO o.a.j.e.StandardJMeterEngine: All thread groups have been started
2025-01-20 15:09:57,211 INFO o.a.j.t.JMeterThread: Thread started: Thread Group 1-2
2025-01-20 15:09:57,236 INFO o.a.j.t.JMeterThread: Thread started: Thread Group 1-3
2025-01-20 15:09:57,259 INFO o.a.j.t.JMeterThread: Thread started: Thread Group 1-4
2025-01-20 15:09:57,282 INFO o.a.j.t.JMeterThread: Thread started: Thread Group 1-5
2025-01-20 15:09:57,309 INFO o.a.j.t.JMeterThread: Thread started: Thread Group 1-6
2025-01-20 15:09:57,334 INFO o.a.j.t.JMeterThread: Thread started: Thread Group 1-7
2025-01-20 15:09:57,359 INFO o.a.j.t.JMeterThread: Thread started: Thread Group 1-8
2025-01-20 15:09:57,383 INFO o.a.j.t.JMeterThread: Thread started: Thread Group 1-9
2025-01-20 15:09:57,408 INFO o.a.j.t.JMeterThread: Thread started: Thread Group 1-10
2025-01-20 15:09:57,432 INFO o.a.j.t.JMeterThread: Thread started: Thread Group 1-11
2025-01-20 15:09:57,459 INFO o.a.j.t.JMeterThread: Thread started: Thread Group 1-12
2025-01-20 15:09:57,484 INFO o.a.j.t.JMeterThread: Thread started: Thread Group 1-13
2025-01-20 15:09:57,507 INFO o.a.j.t.JMeterThread: Thread started: Thread Group 1-14
2025-01-20 15:09:57,534 INFO o.a.j.t.JMeterThread: Thread started: Thread Group 1-15
2025-01-20 15:09:57,561 INFO o.a.j.t.JMeterThread: Thread started: Thread Group 1-16
2025-01-20 15:09:57,583 INFO o.a.j.t.JMeterThread: Thread started: Thread Group 1-17
2025-01-20 15:09:57,610 INFO o.a.j.t.JMeterThread: Thread started: Thread Group 1-18
2025-01-20 15:09:57,636 INFO o.a.j.t.JMeterThread: Thread started: Thread Group 1-19
2025-01-20 15:09:57,662 INFO o.a.j.t.JMeterThread: Thread started: Thread Group 1-20
2025-01-20 15:09:57,683 INFO o.a.j.t.JMeterThread: Thread started: Thread Group 1-21
2025-01-20 15:09:57,709 INFO o.a.j.t.JMeterThread: Thread started: Thread Group 1-22
2025-01-20 15:09:57,735 INFO o.a.j.t.JMeterThread: Thread started: Thread Group 1-23
2025-01-20 15:09:57,760 INFO o.a.j.t.JMeterThread: Thread started: Thread Group 1-24
2025-01-20 15:09:57,785 INFO o.a.j.t.JMeterThread: Thread started: Thread Group 1-25
2025-01-20 15:09:57,808 INFO o.a.j.t.JMeterThread: Thread started: Thread Group 1-26
2025-01-20 15:09:57,836 INFO o.a.j.t.JMeterThread: Thread started: Thread Group 1-27
2025-01-20 15:09:57,859 INFO o.a.j.t.JMeterThread: Thread started: Thread Group 1-28
2025-01-20 15:09:57,884 INFO o.a.j.t.JMeterThread: Thread started: Thread Group 1-29
2025-01-20 15:09:57,909 INFO o.a.j.t.JMeterThread: Thread started: Thread Group 1-30
2025-01-20 15:09:57,934 INFO o.a.j.t.JMeterThread: Thread started: Thread Group 1-31
2025-01-20 15:09:57,956 INFO o.a.j.t.JMeterThread: Thread started: Thread Group 1-32
2025-01-20 15:09:57,986 INFO o.a.j.t.JMeterThread: Thread started: Thread Group 1-33
2025-01-20 15:09:58,010 INFO o.a.j.t.JMeterThread: Thread started: Thread Group 1-34
2025-01-20 15:09:58,034 INFO o.a.j.t.JMeterThread: Thread started: Thread Group 1-35
2025-01-20 15:09:58,060 INFO o.a.j.t.JMeterThread: Thread started: Thread Group 1-36
2025-01-20 15:09:58,085 INFO o.a.j.t.JMeterThread: Thread started: Thread Group 1-37
2025-01-20 15:09:58,111 INFO o.a.j.t.JMeterThread: Thread started: Thread Group 1-38
2025-01-20 15:09:58,134 INFO o.a.j.t.JMeterThread: Thread started: Thread Group 1-39
2025-01-20 15:09:58,161 INFO o.a.j.t.JMeterThread: Thread started: Thread Group 1-40
2025-01-20 15:09:58,182 INFO o.a.j.t.JMeterThread: Thread started: Thread Group 1-41
2025-01-20 15:09:58,211 INFO o.a.j.t.JMeterThread: Thread started: Thread Group 1-42
2025-01-20 15:09:58,234 INFO o.a.j.t.JMeterThread: Thread started: Thread Group 1-43
2025-01-20 15:09:58,258 INFO o.a.j.t.JMeterThread: Thread started: Thread Group 1-44
2025-01-20 15:09:58,285 INFO o.a.j.t.JMeterThread: Thread started: Thread Group 1-45
2025-01-20 15:09:58,307 INFO o.a.j.t.JMeterThread: Thread started: Thread Group 1-46
2025-01-20 15:09:58,333 INFO o.a.j.t.JMeterThread: Thread started: Thread Group 1-47
2025-01-20 15:09:58,359 INFO o.a.j.t.JMeterThread: Thread started: Thread Group 1-48
2025-01-20 15:09:58,386 INFO o.a.j.t.JMeterThread: Thread started: Thread Group 1-49
2025-01-20 15:09:58,411 INFO o.a.j.t.JMeterThread: Thread started: Thread Group 1-50
2025-01-20 15:09:58,432 INFO o.a.j.t.JMeterThread: Thread started: Thread Group 1-51
2025-01-20 15:09:58,461 INFO o.a.j.t.JMeterThread: Thread started: Thread Group 1-52
2025-01-20 15:09:58,486 INFO o.a.j.t.JMeterThread: Thread started: Thread Group 1-53
2025-01-20 15:09:58,511 INFO o.a.j.t.JMeterThread: Thread started: Thread Group 1-54
2025-01-20 15:09:58,534 INFO o.a.j.t.JMeterThread: Thread started: Thread Group 1-55
2025-01-20 15:09:58,556 INFO o.a.j.t.JMeterThread: Thread started: Thread Group 1-56
2025-01-20 15:09:58,587 INFO o.a.j.t.JMeterThread: Thread started: Thread Group 1-57
2025-01-20 15:09:58,609 INFO o.a.j.t.JMeterThread: Thread started: Thread Group 1-58
2025-01-20 15:09:58,635 INFO o.a.j.t.JMeterThread: Thread started: Thread Group 1-59
2025-01-20 15:09:58,659 INFO o.a.j.t.JMeterThread: Thread started: Thread Group 1-60
2025-01-20 15:09:58,681 INFO o.a.j.t.JMeterThread: Thread started: Thread Group 1-61
2025-01-20 15:09:58,710 INFO o.a.j.t.JMeterThread: Thread started: Thread Group 1-62
2025-01-20 15:09:58,731 INFO o.a.j.t.JMeterThread: Thread started: Thread Group 1-63
2025-01-20 15:09:58,761 INFO o.a.j.t.JMeterThread: Thread started: Thread Group 1-64
2025-01-20 15:09:58,783 INFO o.a.j.t.JMeterThread: Thread started: Thread Group 1-65
2025-01-20 15:09:58,808 INFO o.a.j.t.JMeterThread: Thread started: Thread Group 1-66
2025-01-20 15:09:58,838 INFO o.a.j.t.JMeterThread: Thread started: Thread Group 1-67
2025-01-20 15:09:58,859 INFO o.a.j.t.JMeterThread: Thread started: Thread Group 1-68
2025-01-20 15:09:58,887 INFO o.a.j.t.JMeterThread: Thread started: Thread Group 1-69
2025-01-20 15:09:58,907 INFO o.a.j.t.JMeterThread: Thread started: Thread Group 1-70
2025-01-20 15:09:58,934 INFO o.a.j.t.JMeterThread: Thread started: Thread Group 1-71
2025-01-20 15:09:58,956 INFO o.a.j.t.JMeterThread: Thread started: Thread Group 1-72
2025-01-20 15:09:58,981 INFO o.a.j.t.JMeterThread: Thread started: Thread Group 1-73
2025-01-20 15:09:59,006 INFO o.a.j.t.JMeterThread: Thread started: Thread Group 1-74
2025-01-20 15:09:59,034 INFO o.a.j.t.JMeterThread: Thread started: Thread Group 1-75
2025-01-20 15:09:59,056 INFO o.a.j.t.JMeterThread: Thread started: Thread Group 1-76
2025-01-20 15:09:59,084 INFO o.a.j.t.JMeterThread: Thread started: Thread Group 1-77
2025-01-20 15:09:59,108 INFO o.a.j.t.JMeterThread: Thread started: Thread Group 1-78
2025-01-20 15:09:59,136 INFO o.a.j.t.JMeterThread: Thread started: Thread Group 1-79
2025-01-20 15:09:59,160 INFO o.a.j.t.JMeterThread: Thread started: Thread Group 1-80
2025-01-20 15:09:59,186 INFO o.a.j.t.JMeterThread: Thread started: Thread Group 1-81
2025-01-20 15:09:59,210 INFO o.a.j.t.JMeterThread: Thread started: Thread Group 1-82
2025-01-20 15:09:59,237 INFO o.a.j.t.JMeterThread: Thread started: Thread Group 1-83
2025-01-20 15:09:59,261 INFO o.a.j.t.JMeterThread: Thread started: Thread Group 1-84
2025-01-20 15:09:59,286 INFO o.a.j.t.JMeterThread: Thread started: Thread Group 1-85
2025-01-20 15:09:59,311 INFO o.a.j.t.JMeterThread: Thread started: Thread Group 1-86
2025-01-20 15:09:59,332 INFO o.a.j.t.JMeterThread: Thread started: Thread Group 1-87
2025-01-20 15:09:59,359 INFO o.a.j.t.JMeterThread: Thread started: Thread Group 1-88
2025-01-20 15:09:59,381 INFO o.a.j.t.JMeterThread: Thread started: Thread Group 1-89
2025-01-20 15:09:59,406 INFO o.a.j.t.JMeterThread: Thread started: Thread Group 1-90
2025-01-20 15:09:59,434 INFO o.a.j.t.JMeterThread: Thread started: Thread Group 1-91
2025-01-20 15:09:59,461 INFO o.a.j.t.JMeterThread: Thread started: Thread Group 1-92
2025-01-20 15:09:59,486 INFO o.a.j.t.JMeterThread: Thread started: Thread Group 1-93
2025-01-20 15:09:59,511 INFO o.a.j.t.JMeterThread: Thread started: Thread Group 1-94
2025-01-20 15:09:59,534 INFO o.a.j.t.JMeterThread: Thread started: Thread Group 1-95
2025-01-20 15:09:59,560 INFO o.a.j.t.JMeterThread: Thread started: Thread Group 1-96
2025-01-20 15:09:59,587 INFO o.a.j.t.JMeterThread: Thread started: Thread Group 1-97
2025-01-20 15:09:59,610 INFO o.a.j.t.JMeterThread: Thread started: Thread Group 1-98
2025-01-20 15:09:59,637 INFO o.a.j.t.JMeterThread: Thread started: Thread Group 1-99
2025-01-20 15:09:59,660 INFO o.a.j.t.JMeterThread: Thread started: Thread Group 1-100
2025-01-20 15:09:59,687 INFO o.a.j.t.JMeterThread: Thread started: Thread Group 1-101
2025-01-20 15:09:59,707 INFO o.a.j.t.JMeterThread: Thread started: Thread Group 1-102
2025-01-20 15:09:59,733 INFO o.a.j.t.JMeterThread: Thread started: Thread Group 1-103
2025-01-20 15:09:59,760 INFO o.a.j.t.JMeterThread: Thread started: Thread Group 1-104
2025-01-20 15:09:59,786 INFO o.a.j.t.JMeterThread: Thread started: Thread Group 1-105
2025-01-20 15:09:59,811 INFO o.a.j.t.JMeterThread: Thread started: Thread Group 1-106
2025-01-20 15:09:59,832 INFO o.a.j.t.JMeterThread: Thread started: Thread Group 1-107
2025-01-20 15:09:59,857 INFO o.a.j.t.JMeterThread: Thread started: Thread Group 1-108
2025-01-20 15:09:59,886 INFO o.a.j.t.JMeterThread: Thread started: Thread Group 1-109
2025-01-20 15:09:59,909 INFO o.a.j.t.JMeterThread: Thread started: Thread Group 1-110
2025-01-20 15:09:59,934 INFO o.a.j.t.JMeterThread: Thread started: Thread Group 1-111
2025-01-20 15:09:59,961 INFO o.a.j.t.JMeterThread: Thread started: Thread Group 1-112
2025-01-20 15:09:59,984 INFO o.a.j.t.JMeterThread: Thread started: Thread Group 1-113
2025-01-20 15:10:00,006 INFO o.a.j.t.JMeterThread: Thread started: Thread Group 1-114
2025-01-20 15:10:00,035 INFO o.a.j.t.JMeterThread: Thread started: Thread Group 1-115
2025-01-20 15:10:00,059 INFO o.a.j.t.JMeterThread: Thread started: Thread Group 1-116
2025-01-20 15:10:00,084 INFO o.a.j.t.JMeterThread: Thread started: Thread Group 1-117
2025-01-20 15:10:00,109 INFO o.a.j.t.JMeterThread: Thread started: Thread Group 1-118
2025-01-20 15:10:00,136 INFO o.a.j.t.JMeterThread: Thread started: Thread Group 1-119
2025-01-20 15:10:00,161 INFO o.a.j.t.JMeterThread: Thread started: Thread Group 1-120
2025-01-20 15:10:00,182 INFO o.a.j.t.JMeterThread: Thread started: Thread Group 1-121
2025-01-20 15:10:00,206 INFO o.a.j.t.JMeterThread: Thread started: Thread Group 1-122
2025-01-20 15:10:00,232 INFO o.a.j.t.JMeterThread: Thread started: Thread Group 1-123
2025-01-20 15:10:00,258 INFO o.a.j.t.JMeterThread: Thread started: Thread Group 1-124
2025-01-20 15:10:00,286 INFO o.a.j.t.JMeterThread: Thread started: Thread Group 1-125
2025-01-20 15:10:00,311 INFO o.a.j.t.JMeterThread: Thread started: Thread Group 1-126
2025-01-20 15:10:00,335 INFO o.a.j.t.JMeterThread: Thread started: Thread Group 1-127
2025-01-20 15:10:00,360 INFO o.a.j.t.JMeterThread: Thread started: Thread Group 1-128
2025-01-20 15:10:00,384 INFO o.a.j.t.JMeterThread: Thread started: Thread Group 1-129
2025-01-20 15:10:00,409 INFO o.a.j.t.JMeterThread: Thread started: Thread Group 1-130
2025-01-20 15:10:00,434 INFO o.a.j.t.JMeterThread: Thread started: Thread Group 1-131
2025-01-20 15:10:00,461 INFO o.a.j.t.JMeterThread: Thread started: Thread Group 1-132
2025-01-20 15:10:00,487 INFO o.a.j.t.JMeterThread: Thread started: Thread Group 1-133
2025-01-20 15:10:00,510 INFO o.a.j.t.JMeterThread: Thread started: Thread Group 1-134
2025-01-20 15:10:00,536 INFO o.a.j.t.JMeterThread: Thread started: Thread Group 1-135
2025-01-20 15:10:00,561 INFO o.a.j.t.JMeterThread: Thread started: Thread Group 1-136
2025-01-20 15:10:00,582 INFO o.a.j.t.JMeterThread: Thread started: Thread Group 1-137
2025-01-20 15:10:00,608 INFO o.a.j.t.JMeterThread: Thread started: Thread Group 1-138
2025-01-20 15:10:00,634 INFO o.a.j.t.JMeterThread: Thread started: Thread Group 1-139
2025-01-20 15:10:00,657 INFO o.a.j.t.JMeterThread: Thread started: Thread Group 1-140
2025-01-20 15:10:00,684 INFO o.a.j.t.JMeterThread: Thread started: Thread Group 1-141
2025-01-20 15:10:00,707 INFO o.a.j.t.JMeterThread: Thread started: Thread Group 1-142
2025-01-20 15:10:00,737 INFO o.a.j.t.JMeterThread: Thread started: Thread Group 1-143
2025-01-20 15:10:00,760 INFO o.a.j.t.JMeterThread: Thread started: Thread Group 1-144
2025-01-20 15:10:00,785 INFO o.a.j.t.JMeterThread: Thread started: Thread Group 1-145
2025-01-20 15:10:00,811 INFO o.a.j.t.JMeterThread: Thread started: Thread Group 1-146
2025-01-20 15:10:00,835 INFO o.a.j.t.JMeterThread: Thread started: Thread Group 1-147
2025-01-20 15:10:00,861 INFO o.a.j.t.JMeterThread: Thread started: Thread Group 1-148
2025-01-20 15:10:00,887 INFO o.a.j.t.JMeterThread: Thread started: Thread Group 1-149
2025-01-20 15:10:00,909 INFO o.a.j.t.JMeterThread: Thread started: Thread Group 1-150
2025-01-20 15:10:00,936 INFO o.a.j.t.JMeterThread: Thread started: Thread Group 1-151
2025-01-20 15:10:00,957 INFO o.a.j.t.JMeterThread: Thread started: Thread Group 1-152
2025-01-20 15:10:00,986 INFO o.a.j.t.JMeterThread: Thread started: Thread Group 1-153
2025-01-20 15:10:01,011 INFO o.a.j.t.JMeterThread: Thread started: Thread Group 1-154
2025-01-20 15:10:01,032 INFO o.a.j.t.JMeterThread: Thread started: Thread Group 1-155
2025-01-20 15:10:01,061 INFO o.a.j.t.JMeterThread: Thread started: Thread Group 1-156
2025-01-20 15:10:01,084 INFO o.a.j.t.JMeterThread: Thread started: Thread Group 1-157
2025-01-20 15:10:01,110 INFO o.a.j.t.JMeterThread: Thread started: Thread Group 1-158
2025-01-20 15:10:01,135 INFO o.a.j.t.JMeterThread: Thread started: Thread Group 1-159
2025-01-20 15:10:01,160 INFO o.a.j.t.JMeterThread: Thread started: Thread Group 1-160
2025-01-20 15:10:01,185 INFO o.a.j.t.JMeterThread: Thread started: Thread Group 1-161
2025-01-20 15:10:01,210 INFO o.a.j.t.JMeterThread: Thread started: Thread Group 1-162
2025-01-20 15:10:01,236 INFO o.a.j.t.JMeterThread: Thread started: Thread Group 1-163
2025-01-20 15:10:01,258 INFO o.a.j.t.JMeterThread: Thread started: Thread Group 1-164
2025-01-20 15:10:01,286 INFO o.a.j.t.JMeterThread: Thread started: Thread Group 1-165
2025-01-20 15:10:01,308 INFO o.a.j.t.JMeterThread: Thread started: Thread Group 1-166
2025-01-20 15:10:01,334 INFO o.a.j.t.JMeterThread: Thread started: Thread Group 1-167
2025-01-20 15:10:01,358 INFO o.a.j.t.JMeterThread: Thread started: Thread Group 1-168
2025-01-20 15:10:01,384 INFO o.a.j.t.JMeterThread: Thread started: Thread Group 1-169
2025-01-20 15:10:01,409 INFO o.a.j.t.JMeterThread: Thread started: Thread Group 1-170
2025-01-20 15:10:01,437 INFO o.a.j.t.JMeterThread: Thread started: Thread Group 1-171
2025-01-20 15:10:01,458 INFO o.a.j.t.JMeterThread: Thread started: Thread Group 1-172
2025-01-20 15:10:01,482 INFO o.a.j.t.JMeterThread: Thread started: Thread Group 1-173
2025-01-20 15:10:01,508 INFO o.a.j.t.JMeterThread: Thread started: Thread Group 1-174
2025-01-20 15:10:01,531 INFO o.a.j.t.JMeterThread: Thread started: Thread Group 1-175
2025-01-20 15:10:01,557 INFO o.a.j.t.JMeterThread: Thread started: Thread Group 1-176
2025-01-20 15:10:01,583 INFO o.a.j.t.JMeterThread: Thread started: Thread Group 1-177
2025-01-20 15:10:01,608 INFO o.a.j.t.JMeterThread: Thread started: Thread Group 1-178
2025-01-20 15:10:01,633 INFO o.a.j.t.JMeterThread: Thread started: Thread Group 1-179
2025-01-20 15:10:01,659 INFO o.a.j.t.JMeterThread: Thread started: Thread Group 1-180
2025-01-20 15:10:01,684 INFO o.a.j.t.JMeterThread: Thread started: Thread Group 1-181
2025-01-20 15:10:01,706 INFO o.a.j.t.JMeterThread: Thread started: Thread Group 1-182
2025-01-20 15:10:01,731 INFO o.a.j.t.JMeterThread: Thread started: Thread Group 1-183
2025-01-20 15:10:01,762 INFO o.a.j.t.JMeterThread: Thread started: Thread Group 1-184
2025-01-20 15:10:01,785 INFO o.a.j.t.JMeterThread: Thread started: Thread Group 1-185
2025-01-20 15:10:01,807 INFO o.a.j.t.JMeterThread: Thread started: Thread Group 1-186
2025-01-20 15:10:01,832 INFO o.a.j.t.JMeterThread: Thread started: Thread Group 1-187
2025-01-20 15:10:01,861 INFO o.a.j.t.JMeterThread: Thread started: Thread Group 1-188
2025-01-20 15:10:01,884 INFO o.a.j.t.JMeterThread: Thread started: Thread Group 1-189
2025-01-20 15:10:01,911 INFO o.a.j.t.JMeterThread: Thread started: Thread Group 1-190
2025-01-20 15:10:01,933 INFO o.a.j.t.JMeterThread: Thread started: Thread Group 1-191
2025-01-20 15:10:01,961 INFO o.a.j.t.JMeterThread: Thread started: Thread Group 1-192
2025-01-20 15:10:01,986 INFO o.a.j.t.JMeterThread: Thread started: Thread Group 1-193
2025-01-20 15:10:02,011 INFO o.a.j.t.JMeterThread: Thread started: Thread Group 1-194
2025-01-20 15:10:02,034 INFO o.a.j.t.JMeterThread: Thread started: Thread Group 1-195
2025-01-20 15:10:02,060 INFO o.a.j.t.JMeterThread: Thread started: Thread Group 1-196
2025-01-20 15:10:02,084 INFO o.a.j.t.JMeterThread: Thread started: Thread Group 1-197
2025-01-20 15:10:02,108 INFO o.a.j.t.JMeterThread: Thread started: Thread Group 1-198
2025-01-20 15:10:02,135 INFO o.a.j.t.JMeterThread: Thread started: Thread Group 1-199
2025-01-20 15:10:02,161 INFO o.a.j.t.JMeterThread: Thread started: Thread Group 1-200
2025-01-20 15:10:27,352 INFO o.a.j.t.JMeterThread: Thread is done: Thread Group 1-2
2025-01-20 15:10:27,353 INFO o.a.j.t.JMeterThread: Thread finished: Thread Group 1-2
2025-01-20 15:10:27,953 INFO o.a.j.t.JMeterThread: Thread is done: Thread Group 1-3
2025-01-20 15:10:27,953 INFO o.a.j.t.JMeterThread: Thread finished: Thread Group 1-3
2025-01-20 15:10:28,174 INFO o.a.j.t.JMeterThread: Thread is done: Thread Group 1-5
2025-01-20 15:10:28,174 INFO o.a.j.t.JMeterThread: Thread finished: Thread Group 1-5
2025-01-20 15:10:28,231 INFO o.a.j.t.JMeterThread: Thread is done: Thread Group 1-4
2025-01-20 15:10:28,231 INFO o.a.j.t.JMeterThread: Thread finished: Thread Group 1-4
2025-01-20 15:10:28,349 INFO o.a.j.t.JMeterThread: Thread is done: Thread Group 1-7
2025-01-20 15:10:28,350 INFO o.a.j.t.JMeterThread: Thread finished: Thread Group 1-7
2025-01-20 15:10:28,443 INFO o.a.j.t.JMeterThread: Thread is done: Thread Group 1-1
2025-01-20 15:10:28,443 INFO o.a.j.t.JMeterThread: Thread finished: Thread Group 1-1
2025-01-20 15:10:28,661 INFO o.a.j.t.JMeterThread: Thread is done: Thread Group 1-6
2025-01-20 15:10:28,661 INFO o.a.j.t.JMeterThread: Thread finished: Thread Group 1-6
2025-01-20 15:10:28,708 INFO o.a.j.t.JMeterThread: Thread is done: Thread Group 1-9
2025-01-20 15:10:28,708 INFO o.a.j.t.JMeterThread: Thread finished: Thread Group 1-9
2025-01-20 15:10:29,099 INFO o.a.j.t.JMeterThread: Thread is done: Thread Group 1-8
2025-01-20 15:10:29,099 INFO o.a.j.t.JMeterThread: Thread finished: Thread Group 1-8
2025-01-20 15:10:29,129 INFO o.a.j.t.JMeterThread: Thread is done: Thread Group 1-10
2025-01-20 15:10:29,129 INFO o.a.j.t.JMeterThread: Thread finished: Thread Group 1-10
2025-01-20 15:10:29,472 INFO o.a.j.t.JMeterThread: Thread is done: Thread Group 1-12
2025-01-20 15:10:29,472 INFO o.a.j.t.JMeterThread: Thread finished: Thread Group 1-12
2025-01-20 15:10:29,564 INFO o.a.j.t.JMeterThread: Thread is done: Thread Group 1-11
2025-01-20 15:10:29,564 INFO o.a.j.t.JMeterThread: Thread finished: Thread Group 1-11
2025-01-20 15:10:29,689 INFO o.a.j.t.JMeterThread: Thread is done: Thread Group 1-14
2025-01-20 15:10:29,689 INFO o.a.j.t.JMeterThread: Thread finished: Thread Group 1-14
2025-01-20 15:10:29,755 INFO o.a.j.t.JMeterThread: Thread is done: Thread Group 1-16
2025-01-20 15:10:29,755 INFO o.a.j.t.JMeterThread: Thread finished: Thread Group 1-16
2025-01-20 15:10:29,778 INFO o.a.j.t.JMeterThread: Thread is done: Thread Group 1-17
2025-01-20 15:10:29,778 INFO o.a.j.t.JMeterThread: Thread finished: Thread Group 1-17
2025-01-20 15:10:29,807 INFO o.a.j.t.JMeterThread: Thread is done: Thread Group 1-13
2025-01-20 15:10:29,807 INFO o.a.j.t.JMeterThread: Thread finished: Thread Group 1-13
2025-01-20 15:10:29,835 INFO o.a.j.t.JMeterThread: Thread is done: Thread Group 1-19
2025-01-20 15:10:29,835 INFO o.a.j.t.JMeterThread: Thread finished: Thread Group 1-19
2025-01-20 15:10:29,851 INFO o.a.j.t.JMeterThread: Thread is done: Thread Group 1-21
2025-01-20 15:10:29,852 INFO o.a.j.t.JMeterThread: Thread finished: Thread Group 1-21
2025-01-20 15:10:29,874 INFO o.a.j.t.JMeterThread: Thread is done: Thread Group 1-18
2025-01-20 15:10:29,874 INFO o.a.j.t.JMeterThread: Thread finished: Thread Group 1-18
2025-01-20 15:10:29,993 INFO o.a.j.t.JMeterThread: Thread is done: Thread Group 1-20
2025-01-20 15:10:29,994 INFO o.a.j.t.JMeterThread: Thread finished: Thread Group 1-20
2025-01-20 15:10:30,070 INFO o.a.j.t.JMeterThread: Thread is done: Thread Group 1-15
2025-01-20 15:10:30,070 INFO o.a.j.t.JMeterThread: Thread finished: Thread Group 1-15
2025-01-20 15:10:30,127 INFO o.a.j.t.JMeterThread: Thread is done: Thread Group 1-25
2025-01-20 15:10:30,127 INFO o.a.j.t.JMeterThread: Thread finished: Thread Group 1-25
2025-01-20 15:10:30,237 INFO o.a.j.t.JMeterThread: Thread is done: Thread Group 1-23
2025-01-20 15:10:30,237 INFO o.a.j.t.JMeterThread: Thread finished: Thread Group 1-23
2025-01-20 15:10:30,246 INFO o.a.j.t.JMeterThread: Thread is done: Thread Group 1-24
2025-01-20 15:10:30,246 INFO o.a.j.t.JMeterThread: Thread finished: Thread Group 1-24
2025-01-20 15:10:30,250 INFO o.a.j.t.JMeterThread: Thread is done: Thread Group 1-22
2025-01-20 15:10:30,250 INFO o.a.j.t.JMeterThread: Thread finished: Thread Group 1-22
2025-01-20 15:10:30,327 INFO o.a.j.t.JMeterThread: Thread is done: Thread Group 1-26
2025-01-20 15:10:30,327 INFO o.a.j.t.JMeterThread: Thread finished: Thread Group 1-26
2025-01-20 15:10:30,771 INFO o.a.j.t.JMeterThread: Thread is done: Thread Group 1-28
2025-01-20 15:10:30,771 INFO o.a.j.t.JMeterThread: Thread finished: Thread Group 1-28
2025-01-20 15:10:30,788 INFO o.a.j.t.JMeterThread: Thread is done: Thread Group 1-27
2025-01-20 15:10:30,788 INFO o.a.j.t.JMeterThread: Thread finished: Thread Group 1-27
2025-01-20 15:10:30,929 INFO o.a.j.t.JMeterThread: Thread is done: Thread Group 1-29
2025-01-20 15:10:30,929 INFO o.a.j.t.JMeterThread: Thread finished: Thread Group 1-29
2025-01-20 15:10:31,108 INFO o.a.j.t.JMeterThread: Thread is done: Thread Group 1-30
2025-01-20 15:10:31,108 INFO o.a.j.t.JMeterThread: Thread finished: Thread Group 1-30
2025-01-20 15:10:31,167 INFO o.a.j.t.JMeterThread: Thread is done: Thread Group 1-32
2025-01-20 15:10:31,168 INFO o.a.j.t.JMeterThread: Thread finished: Thread Group 1-32
2025-01-20 15:10:31,325 INFO o.a.j.t.JMeterThread: Thread is done: Thread Group 1-33
2025-01-20 15:10:31,326 INFO o.a.j.t.JMeterThread: Thread finished: Thread Group 1-33
2025-01-20 15:10:31,352 INFO o.a.j.t.JMeterThread: Thread is done: Thread Group 1-31
2025-01-20 15:10:31,352 INFO o.a.j.t.JMeterThread: Thread finished: Thread Group 1-31
2025-01-20 15:10:31,426 INFO o.a.j.t.JMeterThread: Thread is done: Thread Group 1-36
2025-01-20 15:10:31,426 INFO o.a.j.t.JMeterThread: Thread finished: Thread Group 1-36
2025-01-20 15:10:31,428 INFO o.a.j.t.JMeterThread: Thread is done: Thread Group 1-34
2025-01-20 15:10:31,428 INFO o.a.j.t.JMeterThread: Thread finished: Thread Group 1-34
2025-01-20 15:10:31,502 INFO o.a.j.t.JMeterThread: Thread is done: Thread Group 1-44
2025-01-20 15:10:31,502 INFO o.a.j.t.JMeterThread: Thread finished: Thread Group 1-44
2025-01-20 15:10:31,568 INFO o.a.j.t.JMeterThread: Thread is done: Thread Group 1-35
2025-01-20 15:10:31,568 INFO o.a.j.t.JMeterThread: Thread finished: Thread Group 1-35
2025-01-20 15:10:31,601 INFO o.a.j.t.JMeterThread: Thread is done: Thread Group 1-43
2025-01-20 15:10:31,602 INFO o.a.j.t.JMeterThread: Thread finished: Thread Group 1-43
2025-01-20 15:10:31,615 INFO o.a.j.t.JMeterThread: Thread is done: Thread Group 1-39
2025-01-20 15:10:31,615 INFO o.a.j.t.JMeterThread: Thread finished: Thread Group 1-39
2025-01-20 15:10:31,647 INFO o.a.j.t.JMeterThread: Thread is done: Thread Group 1-37
2025-01-20 15:10:31,647 INFO o.a.j.t.JMeterThread: Thread finished: Thread Group 1-37
2025-01-20 15:10:31,713 INFO o.a.j.t.JMeterThread: Thread is done: Thread Group 1-41
2025-01-20 15:10:31,713 INFO o.a.j.t.JMeterThread: Thread finished: Thread Group 1-41
2025-01-20 15:10:31,805 INFO o.a.j.t.JMeterThread: Thread is done: Thread Group 1-38
2025-01-20 15:10:31,805 INFO o.a.j.t.JMeterThread: Thread finished: Thread Group 1-38
2025-01-20 15:10:31,869 INFO o.a.j.t.JMeterThread: Thread is done: Thread Group 1-47
2025-01-20 15:10:31,869 INFO o.a.j.t.JMeterThread: Thread finished: Thread Group 1-47
2025-01-20 15:10:31,972 INFO o.a.j.t.JMeterThread: Thread is done: Thread Group 1-46
2025-01-20 15:10:31,972 INFO o.a.j.t.JMeterThread: Thread finished: Thread Group 1-46
2025-01-20 15:10:32,113 INFO o.a.j.t.JMeterThread: Thread is done: Thread Group 1-40
2025-01-20 15:10:32,114 INFO o.a.j.t.JMeterThread: Thread finished: Thread Group 1-40
2025-01-20 15:10:32,199 INFO o.a.j.t.JMeterThread: Thread is done: Thread Group 1-42
2025-01-20 15:10:32,199 INFO o.a.j.t.JMeterThread: Thread finished: Thread Group 1-42
2025-01-20 15:10:32,214 INFO o.a.j.t.JMeterThread: Thread is done: Thread Group 1-45
2025-01-20 15:10:32,214 INFO o.a.j.t.JMeterThread: Thread finished: Thread Group 1-45
2025-01-20 15:10:32,234 INFO o.a.j.t.JMeterThread: Thread is done: Thread Group 1-48
2025-01-20 15:10:32,234 INFO o.a.j.t.JMeterThread: Thread finished: Thread Group 1-48
2025-01-20 15:10:32,346 INFO o.a.j.t.JMeterThread: Thread is done: Thread Group 1-51
2025-01-20 15:10:32,346 INFO o.a.j.t.JMeterThread: Thread finished: Thread Group 1-51
2025-01-20 15:10:32,447 INFO o.a.j.t.JMeterThread: Thread is done: Thread Group 1-59
2025-01-20 15:10:32,448 INFO o.a.j.t.JMeterThread: Thread finished: Thread Group 1-59
2025-01-20 15:10:32,456 INFO o.a.j.t.JMeterThread: Thread is done: Thread Group 1-52
2025-01-20 15:10:32,456 INFO o.a.j.t.JMeterThread: Thread finished: Thread Group 1-52
2025-01-20 15:10:32,503 INFO o.a.j.t.JMeterThread: Thread is done: Thread Group 1-56
2025-01-20 15:10:32,503 INFO o.a.j.t.JMeterThread: Thread finished: Thread Group 1-56
2025-01-20 15:10:32,537 INFO o.a.j.t.JMeterThread: Thread is done: Thread Group 1-50
2025-01-20 15:10:32,537 INFO o.a.j.t.JMeterThread: Thread finished: Thread Group 1-50
2025-01-20 15:10:32,569 INFO o.a.j.t.JMeterThread: Thread is done: Thread Group 1-53
2025-01-20 15:10:32,569 INFO o.a.j.t.JMeterThread: Thread finished: Thread Group 1-53
2025-01-20 15:10:32,577 INFO o.a.j.t.JMeterThread: Thread is done: Thread Group 1-49
2025-01-20 15:10:32,577 INFO o.a.j.t.JMeterThread: Thread finished: Thread Group 1-49
2025-01-20 15:10:32,581 INFO o.a.j.t.JMeterThread: Thread is done: Thread Group 1-57
2025-01-20 15:10:32,581 INFO o.a.j.t.JMeterThread: Thread finished: Thread Group 1-57
2025-01-20 15:10:32,596 INFO o.a.j.t.JMeterThread: Thread is done: Thread Group 1-55
2025-01-20 15:10:32,596 INFO o.a.j.t.JMeterThread: Thread finished: Thread Group 1-55
2025-01-20 15:10:32,669 INFO o.a.j.t.JMeterThread: Thread is done: Thread Group 1-54
2025-01-20 15:10:32,669 INFO o.a.j.t.JMeterThread: Thread finished: Thread Group 1-54
2025-01-20 15:10:32,672 INFO o.a.j.t.JMeterThread: Thread is done: Thread Group 1-58
2025-01-20 15:10:32,672 INFO o.a.j.t.JMeterThread: Thread finished: Thread Group 1-58
2025-01-20 15:10:32,688 INFO o.a.j.t.JMeterThread: Thread is done: Thread Group 1-65
2025-01-20 15:10:32,688 INFO o.a.j.t.JMeterThread: Thread finished: Thread Group 1-65
2025-01-20 15:10:32,695 INFO o.a.j.t.JMeterThread: Thread is done: Thread Group 1-62
2025-01-20 15:10:32,695 INFO o.a.j.t.JMeterThread: Thread finished: Thread Group 1-62
2025-01-20 15:10:32,703 INFO o.a.j.t.JMeterThread: Thread is done: Thread Group 1-70
2025-01-20 15:10:32,703 INFO o.a.j.t.JMeterThread: Thread finished: Thread Group 1-70
2025-01-20 15:10:32,873 INFO o.a.j.t.JMeterThread: Thread is done: Thread Group 1-67
2025-01-20 15:10:32,873 INFO o.a.j.t.JMeterThread: Thread finished: Thread Group 1-67
2025-01-20 15:10:32,880 INFO o.a.j.t.JMeterThread: Thread is done: Thread Group 1-69
2025-01-20 15:10:32,880 INFO o.a.j.t.JMeterThread: Thread finished: Thread Group 1-69
2025-01-20 15:10:32,882 INFO o.a.j.t.JMeterThread: Thread is done: Thread Group 1-61
2025-01-20 15:10:32,882 INFO o.a.j.t.JMeterThread: Thread finished: Thread Group 1-61
2025-01-20 15:10:32,896 INFO o.a.j.t.JMeterThread: Thread is done: Thread Group 1-64
2025-01-20 15:10:32,897 INFO o.a.j.t.JMeterThread: Thread finished: Thread Group 1-64
2025-01-20 15:10:32,917 INFO o.a.j.t.JMeterThread: Thread is done: Thread Group 1-60
2025-01-20 15:10:32,917 INFO o.a.j.t.JMeterThread: Thread finished: Thread Group 1-60
2025-01-20 15:10:32,966 INFO o.a.j.t.JMeterThread: Thread is done: Thread Group 1-66
2025-01-20 15:10:32,966 INFO o.a.j.t.JMeterThread: Thread finished: Thread Group 1-66
2025-01-20 15:10:32,973 INFO o.a.j.t.JMeterThread: Thread is done: Thread Group 1-63
2025-01-20 15:10:32,973 INFO o.a.j.t.JMeterThread: Thread finished: Thread Group 1-63
2025-01-20 15:10:32,981 INFO o.a.j.t.JMeterThread: Thread is done: Thread Group 1-68
2025-01-20 15:10:32,981 INFO o.a.j.t.JMeterThread: Thread finished: Thread Group 1-68
2025-01-20 15:10:33,056 INFO o.a.j.t.JMeterThread: Thread is done: Thread Group 1-71
2025-01-20 15:10:33,056 INFO o.a.j.t.JMeterThread: Thread finished: Thread Group 1-71
2025-01-20 15:10:33,095 INFO o.a.j.t.JMeterThread: Thread is done: Thread Group 1-86
2025-01-20 15:10:33,095 INFO o.a.j.t.JMeterThread: Thread finished: Thread Group 1-86
2025-01-20 15:10:33,098 INFO o.a.j.t.JMeterThread: Thread is done: Thread Group 1-73
2025-01-20 15:10:33,098 INFO o.a.j.t.JMeterThread: Thread finished: Thread Group 1-73
2025-01-20 15:10:33,113 INFO o.a.j.t.JMeterThread: Thread is done: Thread Group 1-74
2025-01-20 15:10:33,113 INFO o.a.j.t.JMeterThread: Thread finished: Thread Group 1-74
2025-01-20 15:10:33,161 INFO o.a.j.t.JMeterThread: Thread is done: Thread Group 1-75
2025-01-20 15:10:33,161 INFO o.a.j.t.JMeterThread: Thread finished: Thread Group 1-75
2025-01-20 15:10:33,230 INFO o.a.j.t.JMeterThread: Thread is done: Thread Group 1-76
2025-01-20 15:10:33,230 INFO o.a.j.t.JMeterThread: Thread finished: Thread Group 1-76
2025-01-20 15:10:33,257 INFO o.a.j.t.JMeterThread: Thread is done: Thread Group 1-81
2025-01-20 15:10:33,257 INFO o.a.j.t.JMeterThread: Thread finished: Thread Group 1-81
2025-01-20 15:10:33,262 INFO o.a.j.t.JMeterThread: Thread is done: Thread Group 1-77
2025-01-20 15:10:33,262 INFO o.a.j.t.JMeterThread: Thread finished: Thread Group 1-77
2025-01-20 15:10:33,289 INFO o.a.j.t.JMeterThread: Thread is done: Thread Group 1-72
2025-01-20 15:10:33,289 INFO o.a.j.t.JMeterThread: Thread finished: Thread Group 1-72
2025-01-20 15:10:33,364 INFO o.a.j.t.JMeterThread: Thread is done: Thread Group 1-78
2025-01-20 15:10:33,365 INFO o.a.j.t.JMeterThread: Thread finished: Thread Group 1-78
2025-01-20 15:10:33,367 INFO o.a.j.t.JMeterThread: Thread is done: Thread Group 1-80
2025-01-20 15:10:33,367 INFO o.a.j.t.JMeterThread: Thread finished: Thread Group 1-80
2025-01-20 15:10:33,367 INFO o.a.j.t.JMeterThread: Thread is done: Thread Group 1-92
2025-01-20 15:10:33,367 INFO o.a.j.t.JMeterThread: Thread finished: Thread Group 1-92
2025-01-20 15:10:33,383 INFO o.a.j.t.JMeterThread: Thread is done: Thread Group 1-87
2025-01-20 15:10:33,383 INFO o.a.j.t.JMeterThread: Thread finished: Thread Group 1-87
2025-01-20 15:10:33,391 INFO o.a.j.t.JMeterThread: Thread is done: Thread Group 1-85
2025-01-20 15:10:33,391 INFO o.a.j.t.JMeterThread: Thread finished: Thread Group 1-85
2025-01-20 15:10:33,412 INFO o.a.j.t.JMeterThread: Thread is done: Thread Group 1-79
2025-01-20 15:10:33,412 INFO o.a.j.t.JMeterThread: Thread finished: Thread Group 1-79
2025-01-20 15:10:33,417 INFO o.a.j.t.JMeterThread: Thread is done: Thread Group 1-89
2025-01-20 15:10:33,417 INFO o.a.j.t.JMeterThread: Thread finished: Thread Group 1-89
2025-01-20 15:10:33,430 INFO o.a.j.t.JMeterThread: Thread is done: Thread Group 1-83
2025-01-20 15:10:33,430 INFO o.a.j.t.JMeterThread: Thread finished: Thread Group 1-83
2025-01-20 15:10:33,436 INFO o.a.j.t.JMeterThread: Thread is done: Thread Group 1-84
2025-01-20 15:10:33,436 INFO o.a.j.t.JMeterThread: Thread finished: Thread Group 1-84
2025-01-20 15:10:33,472 INFO o.a.j.t.JMeterThread: Thread is done: Thread Group 1-82
2025-01-20 15:10:33,472 INFO o.a.j.t.JMeterThread: Thread finished: Thread Group 1-82
2025-01-20 15:10:33,478 INFO o.a.j.t.JMeterThread: Thread is done: Thread Group 1-91
2025-01-20 15:10:33,478 INFO o.a.j.t.JMeterThread: Thread finished: Thread Group 1-91
2025-01-20 15:10:33,492 INFO o.a.j.t.JMeterThread: Thread is done: Thread Group 1-98
2025-01-20 15:10:33,493 INFO o.a.j.t.JMeterThread: Thread finished: Thread Group 1-98
2025-01-20 15:10:33,528 INFO o.a.j.t.JMeterThread: Thread is done: Thread Group 1-88
2025-01-20 15:10:33,528 INFO o.a.j.t.JMeterThread: Thread finished: Thread Group 1-88
2025-01-20 15:10:33,566 INFO o.a.j.t.JMeterThread: Thread is done: Thread Group 1-94
2025-01-20 15:10:33,566 INFO o.a.j.t.JMeterThread: Thread finished: Thread Group 1-94
2025-01-20 15:10:33,567 INFO o.a.j.t.JMeterThread: Thread is done: Thread Group 1-90
2025-01-20 15:10:33,567 INFO o.a.j.t.JMeterThread: Thread finished: Thread Group 1-90
2025-01-20 15:10:33,599 INFO o.a.j.t.JMeterThread: Thread is done: Thread Group 1-102
2025-01-20 15:10:33,599 INFO o.a.j.t.JMeterThread: Thread finished: Thread Group 1-102
2025-01-20 15:10:33,618 INFO o.a.j.t.JMeterThread: Thread is done: Thread Group 1-93
2025-01-20 15:10:33,618 INFO o.a.j.t.JMeterThread: Thread finished: Thread Group 1-93
2025-01-20 15:10:33,654 INFO o.a.j.t.JMeterThread: Thread is done: Thread Group 1-100
2025-01-20 15:10:33,654 INFO o.a.j.t.JMeterThread: Thread finished: Thread Group 1-100
2025-01-20 15:10:33,658 INFO o.a.j.t.JMeterThread: Thread is done: Thread Group 1-97
2025-01-20 15:10:33,658 INFO o.a.j.t.JMeterThread: Thread finished: Thread Group 1-97
2025-01-20 15:10:33,676 INFO o.a.j.t.JMeterThread: Thread is done: Thread Group 1-107
2025-01-20 15:10:33,676 INFO o.a.j.t.JMeterThread: Thread finished: Thread Group 1-107
2025-01-20 15:10:33,693 INFO o.a.j.t.JMeterThread: Thread is done: Thread Group 1-96
2025-01-20 15:10:33,693 INFO o.a.j.t.JMeterThread: Thread finished: Thread Group 1-96
2025-01-20 15:10:33,705 INFO o.a.j.t.JMeterThread: Thread is done: Thread Group 1-95
2025-01-20 15:10:33,705 INFO o.a.j.t.JMeterThread: Thread finished: Thread Group 1-95
2025-01-20 15:10:33,716 INFO o.a.j.t.JMeterThread: Thread is done: Thread Group 1-106
2025-01-20 15:10:33,716 INFO o.a.j.t.JMeterThread: Thread finished: Thread Group 1-106
2025-01-20 15:10:33,730 INFO o.a.j.t.JMeterThread: Thread is done: Thread Group 1-120
2025-01-20 15:10:33,730 INFO o.a.j.t.JMeterThread: Thread finished: Thread Group 1-120
2025-01-20 15:10:33,734 INFO o.a.j.t.JMeterThread: Thread is done: Thread Group 1-104
2025-01-20 15:10:33,734 INFO o.a.j.t.JMeterThread: Thread finished: Thread Group 1-104
2025-01-20 15:10:33,736 INFO o.a.j.t.JMeterThread: Thread is done: Thread Group 1-117
2025-01-20 15:10:33,736 INFO o.a.j.t.JMeterThread: Thread finished: Thread Group 1-117
2025-01-20 15:10:33,736 INFO o.a.j.t.JMeterThread: Thread is done: Thread Group 1-109
2025-01-20 15:10:33,736 INFO o.a.j.t.JMeterThread: Thread finished: Thread Group 1-109
2025-01-20 15:10:33,739 INFO o.a.j.t.JMeterThread: Thread is done: Thread Group 1-101
2025-01-20 15:10:33,739 INFO o.a.j.t.JMeterThread: Thread finished: Thread Group 1-101
2025-01-20 15:10:33,742 INFO o.a.j.t.JMeterThread: Thread is done: Thread Group 1-110
2025-01-20 15:10:33,742 INFO o.a.j.t.JMeterThread: Thread finished: Thread Group 1-110
2025-01-20 15:10:33,744 INFO o.a.j.t.JMeterThread: Thread is done: Thread Group 1-99
2025-01-20 15:10:33,744 INFO o.a.j.t.JMeterThread: Thread finished: Thread Group 1-99
2025-01-20 15:10:33,750 INFO o.a.j.t.JMeterThread: Thread is done: Thread Group 1-112
2025-01-20 15:10:33,750 INFO o.a.j.t.JMeterThread: Thread finished: Thread Group 1-112
2025-01-20 15:10:33,783 INFO o.a.j.t.JMeterThread: Thread is done: Thread Group 1-119
2025-01-20 15:10:33,783 INFO o.a.j.t.JMeterThread: Thread finished: Thread Group 1-119
2025-01-20 15:10:33,805 INFO o.a.j.t.JMeterThread: Thread is done: Thread Group 1-113
2025-01-20 15:10:33,805 INFO o.a.j.t.JMeterThread: Thread finished: Thread Group 1-113
2025-01-20 15:10:33,806 INFO o.a.j.t.JMeterThread: Thread is done: Thread Group 1-115
2025-01-20 15:10:33,806 INFO o.a.j.t.JMeterThread: Thread finished: Thread Group 1-115
2025-01-20 15:10:33,834 INFO o.a.j.t.JMeterThread: Thread is done: Thread Group 1-111
2025-01-20 15:10:33,834 INFO o.a.j.t.JMeterThread: Thread finished: Thread Group 1-111
2025-01-20 15:10:33,848 INFO o.a.j.t.JMeterThread: Thread is done: Thread Group 1-105
2025-01-20 15:10:33,848 INFO o.a.j.t.JMeterThread: Thread finished: Thread Group 1-105
2025-01-20 15:10:33,854 INFO o.a.j.t.JMeterThread: Thread is done: Thread Group 1-103
2025-01-20 15:10:33,854 INFO o.a.j.t.JMeterThread: Thread finished: Thread Group 1-103
2025-01-20 15:10:33,875 INFO o.a.j.t.JMeterThread: Thread is done: Thread Group 1-118
2025-01-20 15:10:33,875 INFO o.a.j.t.JMeterThread: Thread finished: Thread Group 1-118
2025-01-20 15:10:33,877 INFO o.a.j.t.JMeterThread: Thread is done: Thread Group 1-108
2025-01-20 15:10:33,877 INFO o.a.j.t.JMeterThread: Thread finished: Thread Group 1-108
2025-01-20 15:10:33,895 INFO o.a.j.t.JMeterThread: Thread is done: Thread Group 1-126
2025-01-20 15:10:33,895 INFO o.a.j.t.JMeterThread: Thread finished: Thread Group 1-126
2025-01-20 15:10:33,897 INFO o.a.j.t.JMeterThread: Thread is done: Thread Group 1-116
2025-01-20 15:10:33,897 INFO o.a.j.t.JMeterThread: Thread finished: Thread Group 1-116
2025-01-20 15:10:33,904 INFO o.a.j.t.JMeterThread: Thread is done: Thread Group 1-114
2025-01-20 15:10:33,904 INFO o.a.j.t.JMeterThread: Thread finished: Thread Group 1-114
2025-01-20 15:10:33,913 INFO o.a.j.t.JMeterThread: Thread is done: Thread Group 1-125
2025-01-20 15:10:33,913 INFO o.a.j.t.JMeterThread: Thread finished: Thread Group 1-125
2025-01-20 15:10:33,925 INFO o.a.j.t.JMeterThread: Thread is done: Thread Group 1-121
2025-01-20 15:10:33,925 INFO o.a.j.t.JMeterThread: Thread finished: Thread Group 1-121
2025-01-20 15:10:33,942 INFO o.a.j.t.JMeterThread: Thread is done: Thread Group 1-129
2025-01-20 15:10:33,942 INFO o.a.j.t.JMeterThread: Thread finished: Thread Group 1-129
2025-01-20 15:10:33,945 INFO o.a.j.t.JMeterThread: Thread is done: Thread Group 1-124
2025-01-20 15:10:33,945 INFO o.a.j.t.JMeterThread: Thread finished: Thread Group 1-124
2025-01-20 15:10:33,953 INFO o.a.j.t.JMeterThread: Thread is done: Thread Group 1-137
2025-01-20 15:10:33,953 INFO o.a.j.t.JMeterThread: Thread finished: Thread Group 1-137
2025-01-20 15:10:33,970 INFO o.a.j.t.JMeterThread: Thread is done: Thread Group 1-130
2025-01-20 15:10:33,970 INFO o.a.j.t.JMeterThread: Thread finished: Thread Group 1-130
2025-01-20 15:10:34,011 INFO o.a.j.t.JMeterThread: Thread is done: Thread Group 1-134
2025-01-20 15:10:34,011 INFO o.a.j.t.JMeterThread: Thread finished: Thread Group 1-134
2025-01-20 15:10:34,014 INFO o.a.j.t.JMeterThread: Thread is done: Thread Group 1-144
2025-01-20 15:10:34,014 INFO o.a.j.t.JMeterThread: Thread finished: Thread Group 1-144
2025-01-20 15:10:34,018 INFO o.a.j.t.JMeterThread: Thread is done: Thread Group 1-123
2025-01-20 15:10:34,018 INFO o.a.j.t.JMeterThread: Thread finished: Thread Group 1-123
2025-01-20 15:10:34,024 INFO o.a.j.t.JMeterThread: Thread is done: Thread Group 1-127
2025-01-20 15:10:34,024 INFO o.a.j.t.JMeterThread: Thread finished: Thread Group 1-127
2025-01-20 15:10:34,026 INFO o.a.j.t.JMeterThread: Thread is done: Thread Group 1-122
2025-01-20 15:10:34,026 INFO o.a.j.t.JMeterThread: Thread finished: Thread Group 1-122
2025-01-20 15:10:34,035 INFO o.a.j.t.JMeterThread: Thread is done: Thread Group 1-136
2025-01-20 15:10:34,035 INFO o.a.j.t.JMeterThread: Thread finished: Thread Group 1-136
2025-01-20 15:10:34,036 INFO o.a.j.t.JMeterThread: Thread is done: Thread Group 1-133
2025-01-20 15:10:34,036 INFO o.a.j.t.JMeterThread: Thread finished: Thread Group 1-133
2025-01-20 15:10:34,045 INFO o.a.j.t.JMeterThread: Thread is done: Thread Group 1-131
2025-01-20 15:10:34,045 INFO o.a.j.t.JMeterThread: Thread finished: Thread Group 1-131
2025-01-20 15:10:34,053 INFO o.a.j.t.JMeterThread: Thread is done: Thread Group 1-135
2025-01-20 15:10:34,053 INFO o.a.j.t.JMeterThread: Thread finished: Thread Group 1-135
2025-01-20 15:10:34,055 INFO o.a.j.t.JMeterThread: Thread is done: Thread Group 1-132
2025-01-20 15:10:34,055 INFO o.a.j.t.JMeterThread: Thread finished: Thread Group 1-132
2025-01-20 15:10:34,056 INFO o.a.j.t.JMeterThread: Thread is done: Thread Group 1-128
2025-01-20 15:10:34,056 INFO o.a.j.t.JMeterThread: Thread finished: Thread Group 1-128
2025-01-20 15:10:34,081 INFO o.a.j.t.JMeterThread: Thread is done: Thread Group 1-139
2025-01-20 15:10:34,081 INFO o.a.j.t.JMeterThread: Thread finished: Thread Group 1-139
2025-01-20 15:10:34,085 INFO o.a.j.t.JMeterThread: Thread is done: Thread Group 1-138
2025-01-20 15:10:34,085 INFO o.a.j.t.JMeterThread: Thread finished: Thread Group 1-138
2025-01-20 15:10:34,104 INFO o.a.j.t.JMeterThread: Thread is done: Thread Group 1-155
2025-01-20 15:10:34,104 INFO o.a.j.t.JMeterThread: Thread finished: Thread Group 1-155
2025-01-20 15:10:34,107 INFO o.a.j.t.JMeterThread: Thread is done: Thread Group 1-149
2025-01-20 15:10:34,107 INFO o.a.j.t.JMeterThread: Thread finished: Thread Group 1-149
2025-01-20 15:10:34,126 INFO o.a.j.t.JMeterThread: Thread is done: Thread Group 1-152
2025-01-20 15:10:34,126 INFO o.a.j.t.JMeterThread: Thread finished: Thread Group 1-152
2025-01-20 15:10:34,129 INFO o.a.j.t.JMeterThread: Thread is done: Thread Group 1-146
2025-01-20 15:10:34,129 INFO o.a.j.t.JMeterThread: Thread finished: Thread Group 1-146
2025-01-20 15:10:34,132 INFO o.a.j.t.JMeterThread: Thread is done: Thread Group 1-141
2025-01-20 15:10:34,132 INFO o.a.j.t.JMeterThread: Thread finished: Thread Group 1-141
2025-01-20 15:10:34,134 INFO o.a.j.t.JMeterThread: Thread is done: Thread Group 1-143
2025-01-20 15:10:34,134 INFO o.a.j.t.JMeterThread: Thread finished: Thread Group 1-143
2025-01-20 15:10:34,135 INFO o.a.j.t.JMeterThread: Thread is done: Thread Group 1-148
2025-01-20 15:10:34,135 INFO o.a.j.t.JMeterThread: Thread finished: Thread Group 1-148
2025-01-20 15:10:34,140 INFO o.a.j.t.JMeterThread: Thread is done: Thread Group 1-158
2025-01-20 15:10:34,140 INFO o.a.j.t.JMeterThread: Thread finished: Thread Group 1-158
2025-01-20 15:10:34,165 INFO o.a.j.t.JMeterThread: Thread is done: Thread Group 1-168
2025-01-20 15:10:34,165 INFO o.a.j.t.JMeterThread: Thread finished: Thread Group 1-168
2025-01-20 15:10:34,166 INFO o.a.j.t.JMeterThread: Thread is done: Thread Group 1-156
2025-01-20 15:10:34,166 INFO o.a.j.t.JMeterThread: Thread finished: Thread Group 1-156
2025-01-20 15:10:34,170 INFO o.a.j.t.JMeterThread: Thread is done: Thread Group 1-142
2025-01-20 15:10:34,170 INFO o.a.j.t.JMeterThread: Thread finished: Thread Group 1-142
2025-01-20 15:10:34,171 INFO o.a.j.t.JMeterThread: Thread is done: Thread Group 1-153
2025-01-20 15:10:34,171 INFO o.a.j.t.JMeterThread: Thread finished: Thread Group 1-153
2025-01-20 15:10:34,174 INFO o.a.j.t.JMeterThread: Thread is done: Thread Group 1-151
2025-01-20 15:10:34,174 INFO o.a.j.t.JMeterThread: Thread finished: Thread Group 1-151
2025-01-20 15:10:34,188 INFO o.a.j.t.JMeterThread: Thread is done: Thread Group 1-140
2025-01-20 15:10:34,188 INFO o.a.j.t.JMeterThread: Thread finished: Thread Group 1-140
2025-01-20 15:10:34,200 INFO o.a.j.t.JMeterThread: Thread is done: Thread Group 1-150
2025-01-20 15:10:34,200 INFO o.a.j.t.JMeterThread: Thread finished: Thread Group 1-150
2025-01-20 15:10:34,200 INFO o.a.j.t.JMeterThread: Thread is done: Thread Group 1-145
2025-01-20 15:10:34,200 INFO o.a.j.t.JMeterThread: Thread finished: Thread Group 1-145
2025-01-20 15:10:34,201 INFO o.a.j.t.JMeterThread: Thread is done: Thread Group 1-160
2025-01-20 15:10:34,201 INFO o.a.j.t.JMeterThread: Thread finished: Thread Group 1-160
2025-01-20 15:10:34,213 INFO o.a.j.t.JMeterThread: Thread is done: Thread Group 1-162
2025-01-20 15:10:34,213 INFO o.a.j.t.JMeterThread: Thread finished: Thread Group 1-162
2025-01-20 15:10:34,217 INFO o.a.j.t.JMeterThread: Thread is done: Thread Group 1-159
2025-01-20 15:10:34,217 INFO o.a.j.t.JMeterThread: Thread finished: Thread Group 1-159
2025-01-20 15:10:34,221 INFO o.a.j.t.JMeterThread: Thread is done: Thread Group 1-147
2025-01-20 15:10:34,221 INFO o.a.j.t.JMeterThread: Thread finished: Thread Group 1-147
2025-01-20 15:10:34,235 INFO o.a.j.t.JMeterThread: Thread is done: Thread Group 1-166
2025-01-20 15:10:34,235 INFO o.a.j.t.JMeterThread: Thread finished: Thread Group 1-166
2025-01-20 15:10:34,240 INFO o.a.j.t.JMeterThread: Thread is done: Thread Group 1-167
2025-01-20 15:10:34,240 INFO o.a.j.t.JMeterThread: Thread finished: Thread Group 1-167
2025-01-20 15:10:34,243 INFO o.a.j.t.JMeterThread: Thread is done: Thread Group 1-165
2025-01-20 15:10:34,244 INFO o.a.j.t.JMeterThread: Thread finished: Thread Group 1-165
2025-01-20 15:10:34,244 INFO o.a.j.t.JMeterThread: Thread is done: Thread Group 1-163
2025-01-20 15:10:34,244 INFO o.a.j.t.JMeterThread: Thread finished: Thread Group 1-163
2025-01-20 15:10:34,248 INFO o.a.j.t.JMeterThread: Thread is done: Thread Group 1-157
2025-01-20 15:10:34,248 INFO o.a.j.t.JMeterThread: Thread finished: Thread Group 1-157
2025-01-20 15:10:34,253 INFO o.a.j.t.JMeterThread: Thread is done: Thread Group 1-161
2025-01-20 15:10:34,253 INFO o.a.j.t.JMeterThread: Thread finished: Thread Group 1-161
2025-01-20 15:10:34,269 INFO o.a.j.t.JMeterThread: Thread is done: Thread Group 1-182
2025-01-20 15:10:34,269 INFO o.a.j.t.JMeterThread: Thread finished: Thread Group 1-182
2025-01-20 15:10:34,270 INFO o.a.j.t.JMeterThread: Thread is done: Thread Group 1-179
2025-01-20 15:10:34,270 INFO o.a.j.t.JMeterThread: Thread finished: Thread Group 1-179
2025-01-20 15:10:34,270 INFO o.a.j.t.JMeterThread: Thread is done: Thread Group 1-178
2025-01-20 15:10:34,270 INFO o.a.j.t.JMeterThread: Thread finished: Thread Group 1-178
2025-01-20 15:10:34,274 INFO o.a.j.t.JMeterThread: Thread is done: Thread Group 1-183
2025-01-20 15:10:34,274 INFO o.a.j.t.JMeterThread: Thread finished: Thread Group 1-183
2025-01-20 15:10:34,275 INFO o.a.j.t.JMeterThread: Thread is done: Thread Group 1-175
2025-01-20 15:10:34,276 INFO o.a.j.t.JMeterThread: Thread finished: Thread Group 1-175
2025-01-20 15:10:34,277 INFO o.a.j.t.JMeterThread: Thread is done: Thread Group 1-189
2025-01-20 15:10:34,277 INFO o.a.j.t.JMeterThread: Thread finished: Thread Group 1-189
2025-01-20 15:10:34,279 INFO o.a.j.t.JMeterThread: Thread is done: Thread Group 1-180
2025-01-20 15:10:34,279 INFO o.a.j.t.JMeterThread: Thread finished: Thread Group 1-180
2025-01-20 15:10:34,282 INFO o.a.j.t.JMeterThread: Thread is done: Thread Group 1-172
2025-01-20 15:10:34,282 INFO o.a.j.t.JMeterThread: Thread finished: Thread Group 1-172
2025-01-20 15:10:34,286 INFO o.a.j.t.JMeterThread: Thread is done: Thread Group 1-188
2025-01-20 15:10:34,286 INFO o.a.j.t.JMeterThread: Thread finished: Thread Group 1-188
2025-01-20 15:10:34,288 INFO o.a.j.t.JMeterThread: Thread is done: Thread Group 1-181
2025-01-20 15:10:34,288 INFO o.a.j.t.JMeterThread: Thread finished: Thread Group 1-181
2025-01-20 15:10:34,291 INFO o.a.j.t.JMeterThread: Thread is done: Thread Group 1-173
2025-01-20 15:10:34,291 INFO o.a.j.t.JMeterThread: Thread finished: Thread Group 1-173
2025-01-20 15:10:34,293 INFO o.a.j.t.JMeterThread: Thread is done: Thread Group 1-171
2025-01-20 15:10:34,293 INFO o.a.j.t.JMeterThread: Thread finished: Thread Group 1-171
2025-01-20 15:10:34,294 INFO o.a.j.t.JMeterThread: Thread is done: Thread Group 1-154
2025-01-20 15:10:34,294 INFO o.a.j.t.JMeterThread: Thread finished: Thread Group 1-154
2025-01-20 15:10:34,296 INFO o.a.j.t.JMeterThread: Thread is done: Thread Group 1-196
2025-01-20 15:10:34,296 INFO o.a.j.t.JMeterThread: Thread finished: Thread Group 1-196
2025-01-20 15:10:34,296 INFO o.a.j.t.JMeterThread: Thread is done: Thread Group 1-184
2025-01-20 15:10:34,296 INFO o.a.j.t.JMeterThread: Thread finished: Thread Group 1-184
2025-01-20 15:10:34,299 INFO o.a.j.t.JMeterThread: Thread is done: Thread Group 1-174
2025-01-20 15:10:34,299 INFO o.a.j.t.JMeterThread: Thread finished: Thread Group 1-174
2025-01-20 15:10:34,301 INFO o.a.j.t.JMeterThread: Thread is done: Thread Group 1-164
2025-01-20 15:10:34,301 INFO o.a.j.t.JMeterThread: Thread finished: Thread Group 1-164
2025-01-20 15:10:34,302 INFO o.a.j.t.JMeterThread: Thread is done: Thread Group 1-170
2025-01-20 15:10:34,302 INFO o.a.j.t.JMeterThread: Thread finished: Thread Group 1-170
2025-01-20 15:10:34,305 INFO o.a.j.t.JMeterThread: Thread is done: Thread Group 1-176
2025-01-20 15:10:34,305 INFO o.a.j.t.JMeterThread: Thread finished: Thread Group 1-176
2025-01-20 15:10:34,314 INFO o.a.j.t.JMeterThread: Thread is done: Thread Group 1-187
2025-01-20 15:10:34,314 INFO o.a.j.t.JMeterThread: Thread finished: Thread Group 1-187
2025-01-20 15:10:34,315 INFO o.a.j.t.JMeterThread: Thread is done: Thread Group 1-169
2025-01-20 15:10:34,315 INFO o.a.j.t.JMeterThread: Thread finished: Thread Group 1-169
2025-01-20 15:10:34,318 INFO o.a.j.t.JMeterThread: Thread is done: Thread Group 1-185
2025-01-20 15:10:34,318 INFO o.a.j.t.JMeterThread: Thread finished: Thread Group 1-185
2025-01-20 15:10:34,320 INFO o.a.j.t.JMeterThread: Thread is done: Thread Group 1-190
2025-01-20 15:10:34,320 INFO o.a.j.t.JMeterThread: Thread finished: Thread Group 1-190
2025-01-20 15:10:34,322 INFO o.a.j.t.JMeterThread: Thread is done: Thread Group 1-194
2025-01-20 15:10:34,323 INFO o.a.j.t.JMeterThread: Thread finished: Thread Group 1-194
2025-01-20 15:10:34,329 INFO o.a.j.t.JMeterThread: Thread is done: Thread Group 1-191
2025-01-20 15:10:34,329 INFO o.a.j.t.JMeterThread: Thread finished: Thread Group 1-191
2025-01-20 15:10:34,332 INFO o.a.j.t.JMeterThread: Thread is done: Thread Group 1-199
2025-01-20 15:10:34,332 INFO o.a.j.t.JMeterThread: Thread finished: Thread Group 1-199
2025-01-20 15:10:34,333 INFO o.a.j.t.JMeterThread: Thread is done: Thread Group 1-193
2025-01-20 15:10:34,333 INFO o.a.j.t.JMeterThread: Thread finished: Thread Group 1-193
2025-01-20 15:10:34,334 INFO o.a.j.t.JMeterThread: Thread is done: Thread Group 1-186
2025-01-20 15:10:34,335 INFO o.a.j.t.JMeterThread: Thread finished: Thread Group 1-186
2025-01-20 15:10:34,336 INFO o.a.j.t.JMeterThread: Thread is done: Thread Group 1-177
2025-01-20 15:10:34,336 INFO o.a.j.t.JMeterThread: Thread finished: Thread Group 1-177
2025-01-20 15:10:34,337 INFO o.a.j.t.JMeterThread: Thread is done: Thread Group 1-195
2025-01-20 15:10:34,337 INFO o.a.j.t.JMeterThread: Thread finished: Thread Group 1-195
2025-01-20 15:10:34,337 INFO o.a.j.t.JMeterThread: Thread is done: Thread Group 1-200
2025-01-20 15:10:34,337 INFO o.a.j.t.JMeterThread: Thread finished: Thread Group 1-200
2025-01-20 15:10:34,337 INFO o.a.j.t.JMeterThread: Thread is done: Thread Group 1-197
2025-01-20 15:10:34,337 INFO o.a.j.t.JMeterThread: Thread finished: Thread Group 1-197
2025-01-20 15:10:34,338 INFO o.a.j.t.JMeterThread: Thread is done: Thread Group 1-192
2025-01-20 15:10:34,338 INFO o.a.j.t.JMeterThread: Thread finished: Thread Group 1-192
2025-01-20 15:10:34,345 INFO o.a.j.t.JMeterThread: Thread is done: Thread Group 1-198
2025-01-20 15:10:34,345 INFO o.a.j.t.JMeterThread: Thread finished: Thread Group 1-198
2025-01-20 15:10:34,345 INFO o.a.j.e.StandardJMeterEngine: Notifying test listeners of end of test
2025-01-20 15:10:34,345 INFO o.a.j.g.u.JMeterMenuBar: setRunning(false, *local*)
